Image too small to scale!! (2x36 vs min width of 3)
Line cannot be recognized!!
Image too small to scale!! (2x36 vs min width of 3)
Line cannot be recognized!!
Image too small to scale!! (2x36 vs min width of 3)
Line cannot be recognized!!
extract H28.pdf ...
    page 5/27
    page 10/27
    page 15/27
    page 20/27
    page 25/27
  -> 50 questions
extract H29.pdf ...
    page 5/27
    page 10/27
    page 15/27
    page 20/27
    page 25/27
  -> 43 questions
extract H30.pdf ...
    page 5/27
    page 10/27
    page 15/27
    page 20/27
    page 25/27
  -> 49 questions
extract R1.pdf ...
    page 5/28
    page 10/28
    page 15/28
    page 20/28
    page 25/28
  -> 43 questions
extract R2_10.pdf ...
    page 5/29
    page 10/29
    page 15/29
    page 20/29
    page 25/29
  -> 43 questions
extract R2_12.pdf ...
    page 5/28
    page 10/28
    page 15/28
    page 20/28
    page 25/28
  -> 49 questions
extract R3_10.pdf ...
    page 5/29
    page 10/29
    page 15/29
    page 20/29
    page 25/29
  -> 44 questions
extract R3_12.pdf ...
    page 5/29
    page 10/29
    page 15/29
    page 20/29
    page 25/29
  -> 49 questions
extract R4.pdf ...
    page 5/29
    page 10/29
    page 15/29
    page 20/29
    page 25/29
  -> 40 questions
extract R5.pdf ...
    page 5/29
    page 10/29
    page 15/29
    page 20/29
    page 25/29
  -> 50 questions
extract R6.pdf ...
    page 5/29
    page 10/29
    page 15/29
    page 20/29
    page 25/29
  -> 50 questions
extract R7.pdf ...
    page 5/30
    page 10/30
    page 15/30
    page 20/30
    page 25/30
    page 30/30
  -> 50 questions
